27-Sep-2020 14:13:49.221 警告 [main] org.apache.catalina.core.AprLifecycleListener.init 基于APR的本地库加载失败.错误报告为[C:\Tomcat 2.0\apache-tomcat-9.0.37\bin\tcnative-1.dll: Can't load IA 32-bit .dll on a AMD 64-bit platform]
	java.lang.UnsatisfiedLinkError: C:\Tomcat 2.0\apache-tomcat-9.0.37\bin\tcnative-1.dll: Can't load IA 32-bit .dll on a AMD 64-bit platform
		at java.lang.ClassLoader$NativeLibrary.load(Native Method)
		at java.lang.ClassLoader.loadLibrary0(ClassLoader.java:1934)
		at java.lang.ClassLoader.loadLibrary(ClassLoader.java:1817)
		at java.lang.Runtime.load0(Runtime.java:810)
		at java.lang.System.load(System.java:1086)
		at org.apache.tomcat.jni.Library.<init>(Library.java:42)
		at org.apache.tomcat.jni.Library.initialize(Library.java:206)
		at org.apache.catalina.core.AprLifecycleListener.init(AprLifecycleListener.java:198)
		at org.apache.catalina.core.AprLifecycleListener.isAprAvailable(AprLifecycleListener.java:107)
		at org.apache.catalina.connector.Connector.<init>(Connector.java:83)
		at org.apache.catalina.startup.ConnectorCreateRule.begin(ConnectorCreateRule.java:67)
		at org.apache.tomcat.util.digester.Digester.startElement(Digester.java:1259)
		at com.sun.org.apache.xerces.internal.parsers.AbstractSAXParser.startElement(AbstractSAXParser.java:510)
		at com.sun.org.apache.xerces.internal.parsers.AbstractXMLDocumentParser.emptyElement(AbstractXMLDocumentParser.java:183)
		at com.sun.org.apache.xerces.internal.impl.XMLDocumentFragmentScannerImpl.scanStartElement(XMLDocumentFragmentScannerImpl.java:1341)
		at com.sun.org.apache.xerces.internal.impl.XMLDocumentFragmentScannerImpl$FragmentContentDriver.next(XMLDocumentFragmentScannerImpl.java:2786)
		at com.sun.org.apache.xerces.internal.impl.XMLDocumentScannerImpl.next(XMLDocumentScannerImpl.java:605)
		at com.sun.org.apache.xerces.internal.impl.XMLDocumentFragmentScannerImpl.scanDocument(XMLDocumentFragmentScannerImpl.java:507)
		at com.sun.org.apache.xerces.internal.parsers.XML11Configuration.parse(XML11Configuration.java:867)
		at com.sun.org.apache.xerces.internal.parsers.XML11Configuration.parse(XML11Configuration.java:796)
		at com.sun.org.apache.xerces.internal.parsers.XMLParser.parse(XMLParser.java:142)
		at com.sun.org.apache.xerces.internal.parsers.AbstractSAXParser.parse(AbstractSAXParser.java:1216)
		at com.sun.org.apache.xerces.internal.jaxp.SAXParserImpl$JAXPSAXParser.parse(SAXParserImpl.java:644)
		at org.apache.tomcat.util.digester.Digester.parse(Digester.java:1517)
		at org.apache.catalina.startup.Catalina.parseServerXml(Catalina.java:584)
		at org.apache.catalina.startup.Catalina.load(Catalina.java:675)
		at org.apache.catalina.startup.Catalina.load(Catalina.java:712)
		at sun.reflect.NativeMethodAccessorImpl.invoke0(Native Method)
		at sun.reflect.NativeMethodAccessorImpl.invoke(NativeMethodAccessorImpl.java:62)
		at sun.reflect.DelegatingMethodAccessorImpl.invoke(DelegatingMethodAccessorImpl.java:43)
		at java.lang.reflect.Method.invoke(Method.java:498)
		at org.apache.catalina.startup.Bootstrap.load(Bootstrap.java:302)
		at org.apache.catalina.startup.Bootstrap.main(Bootstrap.java:472)
27-Sep-2020 14:13:49.612 信息 [main] org.apache.catalina.startup.VersionLoggerListener.log Server.服务器版本: Apache Tomcat/9.0.37
27-Sep-2020 14:13:49.627 信息 [main] org.apache.catalina.startup.VersionLoggerListener.log 服务器构建:        Jun 30 2020 20:09:49 UTC
27-Sep-2020 14:13:49.627 信息 [main] org.apache.catalina.startup.VersionLoggerListener.log 服务器版本号(:     9.0.37.0
27-Sep-2020 14:13:49.627 信息 [main] org.apache.catalina.startup.VersionLoggerListener.log 操作系统名称:      Windows Server 2012 R2
27-Sep-2020 14:13:49.627 信息 [main] org.apache.catalina.startup.VersionLoggerListener.log OS.版本:           6.3
27-Sep-2020 14:13:49.627 信息 [main] org.apache.catalina.startup.VersionLoggerListener.log 架构:              amd64
27-Sep-2020 14:13:49.627 信息 [main] org.apache.catalina.startup.VersionLoggerListener.log Java 环境变量:     C:\Program Files\Java\jdk1.8.0_261\jre
27-Sep-2020 14:13:49.627 信息 [main] org.apache.catalina.startup.VersionLoggerListener.log Java虚拟机版本:    1.8.0_261-b12
27-Sep-2020 14:13:49.627 信息 [main] org.apache.catalina.startup.VersionLoggerListener.log JVM.供应商:        Oracle Corporation
27-Sep-2020 14:13:49.627 信息 [main] org.apache.catalina.startup.VersionLoggerListener.log CATALINA_BASE:     C:\Tomcat 2.0\apache-tomcat-9.0.37
27-Sep-2020 14:13:49.627 信息 [main] org.apache.catalina.startup.VersionLoggerListener.log CATALINA_HOME:     C:\Tomcat 2.0\apache-tomcat-9.0.37
27-Sep-2020 14:13:49.643 信息 [main] org.apache.catalina.startup.VersionLoggerListener.log 命令行参数：-Djava.util.logging.config.file=C:\Tomcat 2.0\apache-tomcat-9.0.37\conf\logging.properties
27-Sep-2020 14:13:49.643 信息 [main] org.apache.catalina.startup.VersionLoggerListener.log 命令行参数：-Djava.util.logging.manager=org.apache.juli.ClassLoaderLogManager
27-Sep-2020 14:13:49.643 信息 [main] org.apache.catalina.startup.VersionLoggerListener.log 命令行参数：-Djdk.tls.ephemeralDHKeySize=2048
27-Sep-2020 14:13:49.643 信息 [main] org.apache.catalina.startup.VersionLoggerListener.log 命令行参数：-Djava.protocol.handler.pkgs=org.apache.catalina.webresources
27-Sep-2020 14:13:49.643 信息 [main] org.apache.catalina.startup.VersionLoggerListener.log 命令行参数：-Dignore.endorsed.dirs=
27-Sep-2020 14:13:49.643 信息 [main] org.apache.catalina.startup.VersionLoggerListener.log 命令行参数：-Dcatalina.base=C:\Tomcat 2.0\apache-tomcat-9.0.37
27-Sep-2020 14:13:49.643 信息 [main] org.apache.catalina.startup.VersionLoggerListener.log 命令行参数：-Dcatalina.home=C:\Tomcat 2.0\apache-tomcat-9.0.37
27-Sep-2020 14:13:49.659 信息 [main] org.apache.catalina.startup.VersionLoggerListener.log 命令行参数：-Djava.io.tmpdir=C:\Tomcat 2.0\apache-tomcat-9.0.37\temp
27-Sep-2020 14:13:51.831 信息 [main] org.apache.coyote.AbstractProtocol.init 初始化协议处理器 ["http-nio-8080"]
27-Sep-2020 14:13:52.127 信息 [main] org.apache.catalina.startup.Catalina.load 服务器在[3430]毫秒内初始化
27-Sep-2020 14:13:52.221 信息 [main] org.apache.catalina.core.StandardService.startInternal 正在启动服务[Catalina]
27-Sep-2020 14:13:52.221 信息 [main] org.apache.catalina.core.StandardEngine.startInternal 正在启动 Servlet 引擎：[Apache Tomcat/9.0.37]
27-Sep-2020 14:13:52.331 信息 [main] org.apache.catalina.startup.HostConfig.deployWAR 正在部署web应用程序存档文件[C:\Tomcat 2.0\apache-tomcat-9.0.37\webapps\App_02.war]
27-Sep-2020 14:14:02.956 信息 [main] org.apache.jasper.servlet.TldScanner.scanJars 至少有一个JAR被扫描用于TLD但尚未包含TLD。 为此记录器启用调试日志记录，以获取已扫描但未在其中找到TLD的完整JAR列表。 在扫描期间跳过不需要的JAR可以缩短启动时间和JSP编译时间。
27-Sep-2020 14:14:06.877 信息 [main] org.apache.catalina.startup.HostConfig.deployWAR web应用程序存档文件[C:\Tomcat 2.0\apache-tomcat-9.0.37\webapps\App_02.war]的部署已在[14,546]ms内完成
27-Sep-2020 14:14:06.877 信息 [main] org.apache.catalina.startup.HostConfig.deployDirectory 把web 应用程序部署到目录 [C:\Tomcat 2.0\apache-tomcat-9.0.37\webapps\docs]
27-Sep-2020 14:14:06.956 信息 [main] org.apache.catalina.startup.HostConfig.deployDirectory Web应用程序目录[C:\Tomcat 2.0\apache-tomcat-9.0.37\webapps\docs]的部署已在[79]毫秒内完成
27-Sep-2020 14:14:06.971 信息 [main] org.apache.catalina.startup.HostConfig.deployDirectory 把web 应用程序部署到目录 [C:\Tomcat 2.0\apache-tomcat-9.0.37\webapps\examples]
27-Sep-2020 14:14:10.674 信息 [main] org.apache.catalina.startup.HostConfig.deployDirectory Web应用程序目录[C:\Tomcat 2.0\apache-tomcat-9.0.37\webapps\examples]的部署已在[3,703]毫秒内完成
27-Sep-2020 14:14:10.690 信息 [main] org.apache.catalina.startup.HostConfig.deployDirectory 把web 应用程序部署到目录 [C:\Tomcat 2.0\apache-tomcat-9.0.37\webapps\host-manager]
27-Sep-2020 14:14:10.784 信息 [main] org.apache.catalina.startup.HostConfig.deployDirectory Web应用程序目录[C:\Tomcat 2.0\apache-tomcat-9.0.37\webapps\host-manager]的部署已在[94]毫秒内完成
27-Sep-2020 14:14:10.784 信息 [main] org.apache.catalina.startup.HostConfig.deployDirectory 把web 应用程序部署到目录 [C:\Tomcat 2.0\apache-tomcat-9.0.37\webapps\manager]
27-Sep-2020 14:14:10.971 信息 [main] org.apache.catalina.startup.HostConfig.deployDirectory Web应用程序目录[C:\Tomcat 2.0\apache-tomcat-9.0.37\webapps\manager]的部署已在[187]毫秒内完成
27-Sep-2020 14:14:10.971 信息 [main] org.apache.catalina.startup.HostConfig.deployDirectory 把web 应用程序部署到目录 [C:\Tomcat 2.0\apache-tomcat-9.0.37\webapps\ROOT]
27-Sep-2020 14:14:11.034 信息 [main] org.apache.catalina.startup.HostConfig.deployDirectory Web应用程序目录[C:\Tomcat 2.0\apache-tomcat-9.0.37\webapps\ROOT]的部署已在[63]毫秒内完成
27-Sep-2020 14:14:11.049 信息 [main] org.apache.coyote.AbstractProtocol.start 开始协议处理句柄["http-nio-8080"]
27-Sep-2020 14:14:11.081 信息 [main] org.apache.catalina.startup.Catalina.start [18948]毫秒后服务器启动
27-Sep-2020 18:38:57.750 警告 [main] org.apache.catalina.core.AprLifecycleListener.init 基于APR的本地库加载失败.错误报告为[C:\Tomcat 2.0\apache-tomcat-9.0.37\bin\tcnative-1.dll: Can't load IA 32-bit .dll on a AMD 64-bit platform]
	java.lang.UnsatisfiedLinkError: C:\Tomcat 2.0\apache-tomcat-9.0.37\bin\tcnative-1.dll: Can't load IA 32-bit .dll on a AMD 64-bit platform
		at java.lang.ClassLoader$NativeLibrary.load(Native Method)
		at java.lang.ClassLoader.loadLibrary0(ClassLoader.java:1934)
		at java.lang.ClassLoader.loadLibrary(ClassLoader.java:1817)
		at java.lang.Runtime.load0(Runtime.java:810)
		at java.lang.System.load(System.java:1086)
		at org.apache.tomcat.jni.Library.<init>(Library.java:42)
		at org.apache.tomcat.jni.Library.initialize(Library.java:206)
		at org.apache.catalina.core.AprLifecycleListener.init(AprLifecycleListener.java:198)
		at org.apache.catalina.core.AprLifecycleListener.isAprAvailable(AprLifecycleListener.java:107)
		at org.apache.catalina.connector.Connector.<init>(Connector.java:83)
		at org.apache.catalina.startup.ConnectorCreateRule.begin(ConnectorCreateRule.java:67)
		at org.apache.tomcat.util.digester.Digester.startElement(Digester.java:1259)
		at com.sun.org.apache.xerces.internal.parsers.AbstractSAXParser.startElement(AbstractSAXParser.java:510)
		at com.sun.org.apache.xerces.internal.parsers.AbstractXMLDocumentParser.emptyElement(AbstractXMLDocumentParser.java:183)
		at com.sun.org.apache.xerces.internal.impl.XMLDocumentFragmentScannerImpl.scanStartElement(XMLDocumentFragmentScannerImpl.java:1341)
		at com.sun.org.apache.xerces.internal.impl.XMLDocumentFragmentScannerImpl$FragmentContentDriver.next(XMLDocumentFragmentScannerImpl.java:2786)
		at com.sun.org.apache.xerces.internal.impl.XMLDocumentScannerImpl.next(XMLDocumentScannerImpl.java:605)
		at com.sun.org.apache.xerces.internal.impl.XMLDocumentFragmentScannerImpl.scanDocument(XMLDocumentFragmentScannerImpl.java:507)
		at com.sun.org.apache.xerces.internal.parsers.XML11Configuration.parse(XML11Configuration.java:867)
		at com.sun.org.apache.xerces.internal.parsers.XML11Configuration.parse(XML11Configuration.java:796)
		at com.sun.org.apache.xerces.internal.parsers.XMLParser.parse(XMLParser.java:142)
		at com.sun.org.apache.xerces.internal.parsers.AbstractSAXParser.parse(AbstractSAXParser.java:1216)
		at com.sun.org.apache.xerces.internal.jaxp.SAXParserImpl$JAXPSAXParser.parse(SAXParserImpl.java:644)
		at org.apache.tomcat.util.digester.Digester.parse(Digester.java:1517)
		at org.apache.catalina.startup.Catalina.parseServerXml(Catalina.java:584)
		at org.apache.catalina.startup.Catalina.load(Catalina.java:675)
		at org.apache.catalina.startup.Catalina.load(Catalina.java:712)
		at sun.reflect.NativeMethodAccessorImpl.invoke0(Native Method)
		at sun.reflect.NativeMethodAccessorImpl.invoke(NativeMethodAccessorImpl.java:62)
		at sun.reflect.DelegatingMethodAccessorImpl.invoke(DelegatingMethodAccessorImpl.java:43)
		at java.lang.reflect.Method.invoke(Method.java:498)
		at org.apache.catalina.startup.Bootstrap.load(Bootstrap.java:302)
		at org.apache.catalina.startup.Bootstrap.main(Bootstrap.java:472)
27-Sep-2020 18:38:58.094 信息 [main] org.apache.catalina.startup.VersionLoggerListener.log Server.服务器版本: Apache Tomcat/9.0.37
27-Sep-2020 18:38:58.094 信息 [main] org.apache.catalina.startup.VersionLoggerListener.log 服务器构建:        Jun 30 2020 20:09:49 UTC
27-Sep-2020 18:38:58.094 信息 [main] org.apache.catalina.startup.VersionLoggerListener.log 服务器版本号(:     9.0.37.0
27-Sep-2020 18:38:58.094 信息 [main] org.apache.catalina.startup.VersionLoggerListener.log 操作系统名称:      Windows Server 2012 R2
27-Sep-2020 18:38:58.094 信息 [main] org.apache.catalina.startup.VersionLoggerListener.log OS.版本:           6.3
27-Sep-2020 18:38:58.110 信息 [main] org.apache.catalina.startup.VersionLoggerListener.log 架构:              amd64
27-Sep-2020 18:38:58.110 信息 [main] org.apache.catalina.startup.VersionLoggerListener.log Java 环境变量:     C:\Program Files\Java\jdk1.8.0_261\jre
27-Sep-2020 18:38:58.110 信息 [main] org.apache.catalina.startup.VersionLoggerListener.log Java虚拟机版本:    1.8.0_261-b12
27-Sep-2020 18:38:58.110 信息 [main] org.apache.catalina.startup.VersionLoggerListener.log JVM.供应商:        Oracle Corporation
27-Sep-2020 18:38:58.110 信息 [main] org.apache.catalina.startup.VersionLoggerListener.log CATALINA_BASE:     C:\Tomcat 2.0\apache-tomcat-9.0.37
27-Sep-2020 18:38:58.110 信息 [main] org.apache.catalina.startup.VersionLoggerListener.log CATALINA_HOME:     C:\Tomcat 2.0\apache-tomcat-9.0.37
27-Sep-2020 18:38:58.110 信息 [main] org.apache.catalina.startup.VersionLoggerListener.log 命令行参数：-Djava.util.logging.config.file=C:\Tomcat 2.0\apache-tomcat-9.0.37\conf\logging.properties
27-Sep-2020 18:38:58.110 信息 [main] org.apache.catalina.startup.VersionLoggerListener.log 命令行参数：-Djava.util.logging.manager=org.apache.juli.ClassLoaderLogManager
27-Sep-2020 18:38:58.110 信息 [main] org.apache.catalina.startup.VersionLoggerListener.log 命令行参数：-Djdk.tls.ephemeralDHKeySize=2048
27-Sep-2020 18:38:58.125 信息 [main] org.apache.catalina.startup.VersionLoggerListener.log 命令行参数：-Djava.protocol.handler.pkgs=org.apache.catalina.webresources
27-Sep-2020 18:38:58.125 信息 [main] org.apache.catalina.startup.VersionLoggerListener.log 命令行参数：-Dignore.endorsed.dirs=
27-Sep-2020 18:38:58.125 信息 [main] org.apache.catalina.startup.VersionLoggerListener.log 命令行参数：-Dcatalina.base=C:\Tomcat 2.0\apache-tomcat-9.0.37
27-Sep-2020 18:38:58.125 信息 [main] org.apache.catalina.startup.VersionLoggerListener.log 命令行参数：-Dcatalina.home=C:\Tomcat 2.0\apache-tomcat-9.0.37
27-Sep-2020 18:38:58.125 信息 [main] org.apache.catalina.startup.VersionLoggerListener.log 命令行参数：-Djava.io.tmpdir=C:\Tomcat 2.0\apache-tomcat-9.0.37\temp
27-Sep-2020 18:38:59.688 信息 [main] org.apache.coyote.AbstractProtocol.init 初始化协议处理器 ["http-nio-8080"]
27-Sep-2020 18:38:59.907 信息 [main] org.apache.catalina.startup.Catalina.load 服务器在[2655]毫秒内初始化
27-Sep-2020 18:38:59.969 信息 [main] org.apache.catalina.core.StandardService.startInternal 正在启动服务[Catalina]
27-Sep-2020 18:38:59.969 信息 [main] org.apache.catalina.core.StandardEngine.startInternal 正在启动 Servlet 引擎：[Apache Tomcat/9.0.37]
27-Sep-2020 18:39:00.032 信息 [main] org.apache.catalina.startup.HostConfig.deployWAR 正在部署web应用程序存档文件[C:\Tomcat 2.0\apache-tomcat-9.0.37\webapps\App_02.war]
27-Sep-2020 18:39:09.422 信息 [main] org.apache.jasper.servlet.TldScanner.scanJars 至少有一个JAR被扫描用于TLD但尚未包含TLD。 为此记录器启用调试日志记录，以获取已扫描但未在其中找到TLD的完整JAR列表。 在扫描期间跳过不需要的JAR可以缩短启动时间和JSP编译时间。
27-Sep-2020 18:39:13.016 信息 [main] org.apache.catalina.startup.HostConfig.deployWAR web应用程序存档文件[C:\Tomcat 2.0\apache-tomcat-9.0.37\webapps\App_02.war]的部署已在[13,000]ms内完成
27-Sep-2020 18:39:13.016 信息 [main] org.apache.catalina.startup.HostConfig.deployDirectory 把web 应用程序部署到目录 [C:\Tomcat 2.0\apache-tomcat-9.0.37\webapps\docs]
27-Sep-2020 18:39:13.094 信息 [main] org.apache.catalina.startup.HostConfig.deployDirectory Web应用程序目录[C:\Tomcat 2.0\apache-tomcat-9.0.37\webapps\docs]的部署已在[78]毫秒内完成
27-Sep-2020 18:39:13.094 信息 [main] org.apache.catalina.startup.HostConfig.deployDirectory 把web 应用程序部署到目录 [C:\Tomcat 2.0\apache-tomcat-9.0.37\webapps\examples]
27-Sep-2020 18:39:16.235 信息 [main] org.apache.catalina.startup.HostConfig.deployDirectory Web应用程序目录[C:\Tomcat 2.0\apache-tomcat-9.0.37\webapps\examples]的部署已在[3,141]毫秒内完成
27-Sep-2020 18:39:16.235 信息 [main] org.apache.catalina.startup.HostConfig.deployDirectory 把web 应用程序部署到目录 [C:\Tomcat 2.0\apache-tomcat-9.0.37\webapps\host-manager]
27-Sep-2020 18:39:16.329 信息 [main] org.apache.catalina.startup.HostConfig.deployDirectory Web应用程序目录[C:\Tomcat 2.0\apache-tomcat-9.0.37\webapps\host-manager]的部署已在[94]毫秒内完成
27-Sep-2020 18:39:16.329 信息 [main] org.apache.catalina.startup.HostConfig.deployDirectory 把web 应用程序部署到目录 [C:\Tomcat 2.0\apache-tomcat-9.0.37\webapps\manager]
27-Sep-2020 18:39:16.454 信息 [main] org.apache.catalina.startup.HostConfig.deployDirectory Web应用程序目录[C:\Tomcat 2.0\apache-tomcat-9.0.37\webapps\manager]的部署已在[125]毫秒内完成
27-Sep-2020 18:39:16.454 信息 [main] org.apache.catalina.startup.HostConfig.deployDirectory 把web 应用程序部署到目录 [C:\Tomcat 2.0\apache-tomcat-9.0.37\webapps\ROOT]
27-Sep-2020 18:39:16.610 信息 [main] org.apache.catalina.startup.HostConfig.deployDirectory Web应用程序目录[C:\Tomcat 2.0\apache-tomcat-9.0.37\webapps\ROOT]的部署已在[156]毫秒内完成
27-Sep-2020 18:39:16.610 信息 [main] org.apache.coyote.AbstractProtocol.start 开始协议处理句柄["http-nio-8080"]
27-Sep-2020 18:39:16.641 信息 [main] org.apache.catalina.startup.Catalina.start [16733]毫秒后服务器启动
