27-Sep-2020 14:14:03.081 信息 [main] org.apache.catalina.core.ApplicationContext.log No Spring WebApplicationInitializer types detected on classpath
27-Sep-2020 14:14:03.471 信息 [main] org.apache.catalina.core.ApplicationContext.log Initializing Spring root WebApplicationContext
27-Sep-2020 14:14:10.659 信息 [main] org.apache.catalina.core.ApplicationContext.log ContextListener: contextInitialized()
27-Sep-2020 14:14:10.659 信息 [main] org.apache.catalina.core.ApplicationContext.log SessionListener: contextInitialized()
27-Sep-2020 14:14:10.674 信息 [main] org.apache.catalina.core.ApplicationContext.log ContextListener: attributeAdded('StockTicker', 'async.Stockticker@adc8683')
27-Sep-2020 14:17:38.909 信息 [http-nio-8080-exec-1] org.apache.catalina.core.ApplicationContext.log Initializing Spring FrameworkServlet 'springmvc'
27-Sep-2020 14:22:10.815 严重 [http-nio-8080-exec-4] org.apache.catalina.core.StandardWrapperValve.invoke 在路径为/App_02的上下文中，Servlet[springmvc]的Servlet.service（）引发了具有根本原因的异常Request processing failed; nested exception is org.springframework.dao.DataIntegrityViolationException: PreparedStatementCallback; SQL [insert into appoint_list values(?,?,?,?)Column 'appoint_user_name' cannot be null; nested exception is java.sql.SQLIntegrityConstraintViolationException: Column 'appoint_user_name' cannot be null
	java.sql.SQLIntegrityConstraintViolationException: Column 'appoint_user_name' cannot be null
		at com.mysql.cj.jdbc.exceptions.SQLError.createSQLException(SQLError.java:115)
		at com.mysql.cj.jdbc.exceptions.SQLError.createSQLException(SQLError.java:95)
		at com.mysql.cj.jdbc.exceptions.SQLExceptionsMapping.translateException(SQLExceptionsMapping.java:122)
		at com.mysql.cj.jdbc.ClientPreparedStatement.executeInternal(ClientPreparedStatement.java:960)
		at com.mysql.cj.jdbc.ClientPreparedStatement.executeUpdateInternal(ClientPreparedStatement.java:1116)
		at com.mysql.cj.jdbc.ClientPreparedStatement.executeUpdateInternal(ClientPreparedStatement.java:1066)
		at com.mysql.cj.jdbc.ClientPreparedStatement.executeLargeUpdate(ClientPreparedStatement.java:1396)
		at com.mysql.cj.jdbc.ClientPreparedStatement.executeUpdate(ClientPreparedStatement.java:1051)
		at org.springframework.jdbc.core.JdbcTemplate.lambda$update$0(JdbcTemplate.java:855)
		at org.springframework.jdbc.core.JdbcTemplate.execute(JdbcTemplate.java:605)
		at org.springframework.jdbc.core.JdbcTemplate.update(JdbcTemplate.java:850)
		at org.springframework.jdbc.core.JdbcTemplate.update(JdbcTemplate.java:905)
		at org.springframework.jdbc.core.JdbcTemplate.update(JdbcTemplate.java:915)
		at cn.appoint.dao.impl.AppointBasicDAOImpl.insertAppointOneMessage(AppointBasicDAOImpl.java:39)
		at cn.appoint.service.impl.AppointBasicPerformImpl.applyForAppoint(AppointBasicPerformImpl.java:23)
		at cn.appoint.controller.AppointController.insertAppoint(AppointController.java:34)
		at sun.reflect.NativeMethodAccessorImpl.invoke0(Native Method)
		at sun.reflect.NativeMethodAccessorImpl.invoke(NativeMethodAccessorImpl.java:62)
		at sun.reflect.DelegatingMethodAccessorImpl.invoke(DelegatingMethodAccessorImpl.java:43)
		at java.lang.reflect.Method.invoke(Method.java:498)
		at org.springframework.web.method.support.InvocableHandlerMethod.doInvoke(InvocableHandlerMethod.java:209)
		at org.springframework.web.method.support.InvocableHandlerMethod.invokeForRequest(InvocableHandlerMethod.java:136)
		at org.springframework.web.servlet.mvc.method.annotation.ServletInvocableHandlerMethod.invokeAndHandle(ServletInvocableHandlerMethod.java:102)
		at org.springframework.web.servlet.mvc.method.annotation.RequestMappingHandlerAdapter.invokeHandlerMethod(RequestMappingHandlerAdapter.java:877)
		at org.springframework.web.servlet.mvc.method.annotation.RequestMappingHandlerAdapter.handleInternal(RequestMappingHandlerAdapter.java:783)
		at org.springframework.web.servlet.mvc.method.AbstractHandlerMethodAdapter.handle(AbstractHandlerMethodAdapter.java:87)
		at org.springframework.web.servlet.DispatcherServlet.doDispatch(DispatcherServlet.java:991)
		at org.springframework.web.servlet.DispatcherServlet.doService(DispatcherServlet.java:925)
		at org.springframework.web.servlet.FrameworkServlet.processRequest(FrameworkServlet.java:974)
		at org.springframework.web.servlet.FrameworkServlet.doPost(FrameworkServlet.java:877)
		at javax.servlet.http.HttpServlet.service(HttpServlet.java:652)
		at org.springframework.web.servlet.FrameworkServlet.service(FrameworkServlet.java:851)
		at javax.servlet.http.HttpServlet.service(HttpServlet.java:733)
		at org.apache.catalina.core.ApplicationFilterChain.internalDoFilter(ApplicationFilterChain.java:231)
		at org.apache.catalina.core.ApplicationFilterChain.doFilter(ApplicationFilterChain.java:166)
		at org.apache.tomcat.websocket.server.WsFilter.doFilter(WsFilter.java:53)
		at org.apache.catalina.core.ApplicationFilterChain.internalDoFilter(ApplicationFilterChain.java:193)
		at org.apache.catalina.core.ApplicationFilterChain.doFilter(ApplicationFilterChain.java:166)
		at org.springframework.web.filter.CharacterEncodingFilter.doFilterInternal(CharacterEncodingFilter.java:200)
		at org.springframework.web.filter.OncePerRequestFilter.doFilter(OncePerRequestFilter.java:107)
		at org.apache.catalina.core.ApplicationFilterChain.internalDoFilter(ApplicationFilterChain.java:193)
		at org.apache.catalina.core.ApplicationFilterChain.doFilter(ApplicationFilterChain.java:166)
		at org.apache.catalina.core.StandardWrapperValve.invoke(StandardWrapperValve.java:202)
		at org.apache.catalina.core.StandardContextValve.invoke(StandardContextValve.java:96)
		at org.apache.catalina.authenticator.AuthenticatorBase.invoke(AuthenticatorBase.java:541)
		at org.apache.catalina.core.StandardHostValve.invoke(StandardHostValve.java:139)
		at org.apache.catalina.valves.ErrorReportValve.invoke(ErrorReportValve.java:92)
		at org.apache.catalina.valves.AbstractAccessLogValve.invoke(AbstractAccessLogValve.java:690)
		at org.apache.catalina.core.StandardEngineValve.invoke(StandardEngineValve.java:74)
		at org.apache.catalina.connector.CoyoteAdapter.service(CoyoteAdapter.java:343)
		at org.apache.coyote.http11.Http11Processor.service(Http11Processor.java:373)
		at org.apache.coyote.AbstractProcessorLight.process(AbstractProcessorLight.java:65)
		at org.apache.coyote.AbstractProtocol$ConnectionHandler.process(AbstractProtocol.java:868)
		at org.apache.tomcat.util.net.NioEndpoint$SocketProcessor.doRun(NioEndpoint.java:1589)
		at org.apache.tomcat.util.net.SocketProcessorBase.run(SocketProcessorBase.java:49)
		at java.util.concurrent.ThreadPoolExecutor.runWorker(ThreadPoolExecutor.java:1149)
		at java.util.concurrent.ThreadPoolExecutor$Worker.run(ThreadPoolExecutor.java:624)
		at org.apache.tomcat.util.threads.TaskThread$WrappingRunnable.run(TaskThread.java:61)
		at java.lang.Thread.run(Thread.java:748)
27-Sep-2020 18:39:09.750 信息 [main] org.apache.catalina.core.ApplicationContext.log No Spring WebApplicationInitializer types detected on classpath
27-Sep-2020 18:39:09.938 信息 [main] org.apache.catalina.core.ApplicationContext.log Initializing Spring root WebApplicationContext
27-Sep-2020 18:39:16.219 信息 [main] org.apache.catalina.core.ApplicationContext.log ContextListener: contextInitialized()
27-Sep-2020 18:39:16.219 信息 [main] org.apache.catalina.core.ApplicationContext.log SessionListener: contextInitialized()
27-Sep-2020 18:39:16.219 信息 [main] org.apache.catalina.core.ApplicationContext.log ContextListener: attributeAdded('StockTicker', 'async.Stockticker@1a139347')
27-Sep-2020 18:39:27.860 信息 [http-nio-8080-exec-1] org.apache.catalina.core.ApplicationContext.log Initializing Spring FrameworkServlet 'springmvc'
